<?xml version="1.0" encoding="UTF-8"?>
<testsuite xmlns:xsi="http://www.w3.org/2001/XMLSchema-instance" xsi:noNamespaceSchemaLocation="https://maven.apache.org/surefire/maven-surefire-plugin/xsd/surefire-test-report.xsd" name="com.yaksha.assignment.functional.PageDirectiveControllerTest" time="29.307" tests="3" errors="0" skipped="0" failures="1">
  <properties>
[...]
</properties>
  <testcase name="testJspTagsAndHtmlTagClosureInIndexJsp" classname="com.yaksha.assignment.functional.PageDirectiveControllerTest" time="13.517"/>
  <testcase name="testPageDirectiveControllerReturnsCorrectView" classname="com.yaksha.assignment.functional.PageDirectiveControllerTest" time="10.122">
    <failure message="&#10;Wanted but not invoked:&#10;model.addAttribute(&#10;    &quot;message&quot;,&#10;    &quot;Page Directive Example&quot;&#10;);&#10;-&gt; at com.yaksha.assignment.functional.PageDirectiveControllerTest.testPageDirectiveControllerReturnsCorrectView(PageDirectiveControllerTest.java:42)&#10;Actually, there were zero interactions with this mock.&#10;" type="org.mockito.exceptions.verification.WantedButNotInvoked">org.mockito.exceptions.verification.WantedButNotInvoked: 

Wanted but not invoked:
model.addAttribute(
    "message",
    "Page Directive Example"
);
-> at com.yaksha.assignment.functional.PageDirectiveControllerTest.testPageDirectiveControllerReturnsCorrectView(PageDirectiveControllerTest.java:42)
Actually, there were zero interactions with this mock.

	at com.yaksha.assignment.functional.PageDirectiveControllerTest.testPageDirectiveControllerReturnsCorrectView(PageDirectiveControllerTest.java:42)
</failure>
  </testcase>
  <testcase name="testJspTagsAndHtmlTagClosureInPageDirectiveJsp" classname="com.yaksha.assignment.functional.PageDirectiveControllerTest" time="4.75"/>
</testsuite>